# JRE version: Java(TM) SE Runtime Environment (8.0_144-b01) (build 1.8.0_144-b01)
# Java VM: Java HotSpot(TM) 64-Bit Server VM (25.144-b01 mixed mode windows-amd64 compressed oops)
Heap:
 PSYoungGen      total 281088K, used 116888K [0x00000000eab00000, 0x0000000100000000, 0x0000000100000000)
  eden space 248832K, 38% used [0x00000000eab00000,0x00000000f0967438,0x00000000f9e00000)
  from space 32256K, 62% used [0x00000000f9e00000,0x00000000fb1bed20,0x00000000fbd80000)
  to   space 32256K, 0% used [0x00000000fe080000,0x00000000fe080000,0x0000000100000000)
 ParOldGen       total 134144K, used 74243K [0x00000000c0000000, 0x00000000c8300000, 0x00000000eab00000)
  object space 134144K, 55% used [0x00000000c0000000,0x00000000c4880fa0,0x00000000c8300000)
 Metaspace       used 84012K, capacity 87392K, committed 87552K, reserved 1124352K
  class space    used 11024K, capacity 11712K, committed 11776K, reserved 1048576K
GC Heap History (10 events):
Event: 239.879 GC heap before
{Heap before GC invocations=16 (full 3):
 PSYoungGen      total 176128K, used 160768K [0x00000000eab00000, 0x00000000f8900000, 0x0000000100000000)
  eden space 160768K, 100% used [0x00000000eab00000,0x00000000f4800000,0x00000000f4800000)
  from space 15360K, 0% used [0x00000000f5d00000,0x00000000f5d00000,0x00000000f6c00000)
  to   space 21504K, 0% used [0x00000000f4800000,0x00000000f4800000,0x00000000f5d00000)
 ParOldGen       total 134144K, used 39683K [0x00000000c0000000, 0x00000000c8300000, 0x00000000eab00000)
  object space 134144K, 29% used [0x00000000c0000000,0x00000000c26c0e90,0x00000000c8300000)
 Metaspace       used 62973K, capacity 65176K, committed 65280K, reserved 1105920K
  class space    used 8646K, capacity 9136K, committed 9216K, reserved 1048576K
Event: 239.912 GC heap after
Heap after GC invocations=16 (full 3):
 PSYoungGen      total 182272K, used 17830K [0x00000000eab00000, 0x00000000fa280000, 0x0000000100000000)
  eden space 160768K, 0% used [0x00000000eab00000,0x00000000eab00000,0x00000000f4800000)
  from space 21504K, 82% used [0x00000000f4800000,0x00000000f59698d0,0x00000000f5d00000)
  to   space 23040K, 0% used [0x00000000f8c00000,0x00000000f8c00000,0x00000000fa280000)
 ParOldGen       total 134144K, used 39755K [0x00000000c0000000, 0x00000000c8300000, 0x00000000eab00000)
  object space 134144K, 29% used [0x00000000c0000000,0x00000000c26d2ea0,0x00000000c8300000)
 Metaspace       used 62973K, capacity 65176K, committed 65280K, reserved 1105920K
  class space    used 8646K, capacity 9136K, committed 9216K, reserved 1048576K
}
Event: 243.473 GC heap before
{Heap before GC invocations=17 (full 3):
 PSYoungGen      total 182272K, used 178598K [0x00000000eab00000, 0x00000000fa280000, 0x0000000100000000)
  eden space 160768K, 100% used [0x00000000eab00000,0x00000000f4800000,0x00000000f4800000)
  from space 21504K, 82% used [0x00000000f4800000,0x00000000f59698d0,0x00000000f5d00000)
  to   space 23040K, 0% used [0x00000000f8c00000,0x00000000f8c00000,0x00000000fa280000)
 ParOldGen       total 134144K, used 39755K [0x00000000c0000000, 0x00000000c8300000, 0x00000000eab00000)
  object space 134144K, 29% used [0x00000000c0000000,0x00000000c26d2ea0,0x00000000c8300000)
 Metaspace       used 71823K, capacity 74546K, committed 74752K, reserved 1114112K
  class space    used 9854K, capacity 10396K, committed 10496K, reserved 1048576K
Event: 243.502 GC heap after
Heap after GC invocations=17 (full 3):
 PSYoungGen      total 227328K, used 15556K [0x00000000eab00000, 0x00000000fa180000, 0x0000000100000000)
  eden space 205312K, 0% used [0x00000000eab00000,0x00000000eab00000,0x00000000f7380000)
  from space 22016K, 70% used [0x00000000f8c00000,0x00000000f9b311b8,0x00000000fa180000)
  to   space 23552K, 0% used [0x00000000f7380000,0x00000000f7380000,0x00000000f8a80000)
 ParOldGen       total 134144K, used 53408K [0x00000000c0000000, 0x00000000c8300000, 0x00000000eab00000)
  object space 134144K, 39% used [0x00000000c0000000,0x00000000c34283e0,0x00000000c8300000)
 Metaspace       used 71823K, capacity 74546K, committed 74752K, reserved 1114112K
  class space    used 9854K, capacity 10396K, committed 10496K, reserved 1048576K
}
Event: 265.769 GC heap before
{Heap before GC invocations=18 (full 3):
 PSYoungGen      total 227328K, used 220868K [0x00000000eab00000, 0x00000000fa180000, 0x0000000100000000)
  eden space 205312K, 100% used [0x00000000eab00000,0x00000000f7380000,0x00000000f7380000)
  from space 22016K, 70% used [0x00000000f8c00000,0x00000000f9b311b8,0x00000000fa180000)
  to   space 23552K, 0% used [0x00000000f7380000,0x00000000f7380000,0x00000000f8a80000)
 ParOldGen       total 134144K, used 53408K [0x00000000c0000000, 0x00000000c8300000, 0x00000000eab00000)
  object space 134144K, 39% used [0x00000000c0000000,0x00000000c34283e0,0x00000000c8300000)
 Metaspace       used 73712K, capacity 76480K, committed 76672K, reserved 1116160K
  class space    used 9962K, capacity 10529K, committed 10624K, reserved 1048576K
Event: 265.852 GC heap after
Heap after GC invocations=18 (full 3):
 PSYoungGen      total 228864K, used 19568K [0x00000000eab00000, 0x00000000fd600000, 0x0000000100000000)
  eden space 205312K, 0% used [0x00000000eab00000,0x00000000eab00000,0x00000000f7380000)
  from space 23552K, 83% used [0x00000000f7380000,0x00000000f869c0d0,0x00000000f8a80000)
  to   space 25088K, 0% used [0x00000000fbd80000,0x00000000fbd80000,0x00000000fd600000)
 ParOldGen       total 134144K, used 53416K [0x00000000c0000000, 0x00000000c8300000, 0x00000000eab00000)
  object space 134144K, 39% used [0x00000000c0000000,0x00000000c342a3e0,0x00000000c8300000)
 Metaspace       used 73712K, capacity 76480K, committed 76672K, reserved 1116160K
  class space    used 9962K, capacity 10529K, committed 10624K, reserved 1048576K
}
Event: 267.465 GC heap before
{Heap before GC invocations=19 (full 3):
 PSYoungGen      total 228864K, used 224880K [0x00000000eab00000, 0x00000000fd600000, 0x0000000100000000)
  eden space 205312K, 100% used [0x00000000eab00000,0x00000000f7380000,0x00000000f7380000)
  from space 23552K, 83% used [0x00000000f7380000,0x00000000f869c0d0,0x00000000f8a80000)
  to   space 25088K, 0% used [0x00000000fbd80000,0x00000000fbd80000,0x00000000fd600000)
 ParOldGen       total 134144K, used 53416K [0x00000000c0000000, 0x00000000c8300000, 0x00000000eab00000)
  object space 134144K, 39% used [0x00000000c0000000,0x00000000c342a3e0,0x00000000c8300000)
 Metaspace       used 76687K, capacity 79644K, committed 79744K, reserved 1118208K
  class space    used 10221K, capacity 10824K, committed 10880K, reserved 1048576K
Event: 267.536 GC heap after
Heap after GC invocations=19 (full 3):
 PSYoungGen      total 273920K, used 25079K [0x00000000eab00000, 0x00000000ff780000, 0x0000000100000000)
  eden space 248832K, 0% used [0x00000000eab00000,0x00000000eab00000,0x00000000f9e00000)
  from space 25088K, 99% used [0x00000000fbd80000,0x00000000fd5fdfc8,0x00000000fd600000)
  to   space 32256K, 0% used [0x00000000f9e00000,0x00000000f9e00000,0x00000000fbd80000)
 ParOldGen       total 134144K, used 62612K [0x00000000c0000000, 0x00000000c8300000, 0x00000000eab00000)
  object space 134144K, 46% used [0x00000000c0000000,0x00000000c3d25378,0x00000000c8300000)
 Metaspace       used 76687K, capacity 79644K, committed 79744K, reserved 1118208K
  class space    used 10221K, capacity 10824K, committed 10880K, reserved 1048576K
}
Event: 394.091 GC heap before
{Heap before GC invocations=20 (full 3):
 PSYoungGen      total 273920K, used 273911K [0x00000000eab00000, 0x00000000ff780000, 0x0000000100000000)
  eden space 248832K, 100% used [0x00000000eab00000,0x00000000f9e00000,0x00000000f9e00000)
  from space 25088K, 99% used [0x00000000fbd80000,0x00000000fd5fdfc8,0x00000000fd600000)
  to   space 32256K, 0% used [0x00000000f9e00000,0x00000000f9e00000,0x00000000fbd80000)
 ParOldGen       total 134144K, used 62612K [0x00000000c0000000, 0x00000000c8300000, 0x00000000eab00000)
  object space 134144K, 46% used [0x00000000c0000000,0x00000000c3d25378,0x00000000c8300000)
 Metaspace       used 80975K, capacity 84278K, committed 84352K, reserved 1122304K
  class space    used 10685K, capacity 11369K, committed 11392K, reserved 1048576K
Event: 394.222 GC heap after
Heap after GC invocations=20 (full 3):
 PSYoungGen      total 281088K, used 20219K [0x00000000eab00000, 0x0000000100000000, 0x0000000100000000)
  eden space 248832K, 0% used [0x00000000eab00000,0x00000000eab00000,0x00000000f9e00000)
  from space 32256K, 62% used [0x00000000f9e00000,0x00000000fb1bed20,0x00000000fbd80000)
  to   space 32256K, 0% used [0x00000000fe080000,0x00000000fe080000,0x0000000100000000)
 ParOldGen       total 134144K, used 74243K [0x00000000c0000000, 0x00000000c8300000, 0x00000000eab00000)
  object space 134144K, 55% used [0x00000000c0000000,0x00000000c4880fa0,0x00000000c8300000)
 Metaspace       used 80975K, capacity 84278K, committed 84352K, reserved 1122304K
  class space    used 10685K, capacity 11369K, committed 11392K, reserved 1048576K
}

